<?xml version="1.0" encoding="UTF-8"?>
<!-- Generated by org.testng.reporters.JUnitReportReporter -->
<testsuite hostname="DESKTOP-S7BJ97P" failures="0" tests="3" name="testNG_Packg.test_login" time="0.019" errors="0" timestamp="2024-01-19T07:36:03 IST" skipped="0">
  <testcase classname="testNG_Packg.test_login" name="register" time="0.011"/>
  <system-out>
Register successfully  </system-out>
  <testcase classname="testNG_Packg.test_login" name="login" time="0.003"/>
  <system-out>
Login success  </system-out>
  <testcase classname="testNG_Packg.test_login" name="logout" time="0.005"/>
  <system-out>
Logout success  </system-out>
</testsuite> <!-- testNG_Packg.test_login -->
